<?xml version="1.0" encoding="UTF-8" ?>
<testsuite tests="30" failures="0" name="StressTest" time="221.361" errors="0" skipped="0">
  <properties>
    <property name="java.runtime.name" value="Java(TM) SE Runtime Environment"/>
    <property name="java.vm.version" value="17.0.1+12-LTS-39"/>
    <property name="sun.boot.library.path" value="D:\JAVA\jdk-17.0.1\bin"/>
    <property name="maven.multiModuleProjectDirectory" value="D:\assign251_2"/>
    <property name="java.vm.vendor" value="Oracle Corporation"/>
    <property name="java.vendor.url" value="https://java.oracle.com/"/>
    <property name="guice.disable.misplaced.annotation.check" value="true"/>
    <property name="path.separator" value=";"/>
    <property name="java.vm.name" value="Java HotSpot(TM) 64-Bit Server VM"/>
    <property name="sun.os.patch.level" value=""/>
    <property name="user.script" value=""/>
    <property name="user.country" value="CN"/>
    <property name="sun.java.launcher" value="SUN_STANDARD"/>
    <property name="java.vm.specification.name" value="Java Virtual Machine Specification"/>
    <property name="user.dir" value="D:\assign251_2"/>
    <property name="java.vm.compressedOopsMode" value="Zero based"/>
    <property name="java.runtime.version" value="17.0.1+12-LTS-39"/>
    <property name="os.arch" value="amd64"/>
    <property name="java.io.tmpdir" value="C:\Users\ADMINI~1\AppData\Local\Temp\"/>
    <property name="line.separator" value="
"/>
    <property name="java.vm.specification.vendor" value="Oracle Corporation"/>
    <property name="user.variant" value=""/>
    <property name="os.name" value="Windows 10"/>
    <property name="classworlds.conf" value="D:\apache-maven-3.8.6-bin\apache-maven-3.8.6\bin\m2.conf"/>
    <property name="sun.jnu.encoding" value="GBK"/>
    <property name="java.library.path" value="D:\JAVA\jdk-17.0.1\bin;C:\WINDOWS\Sun\Java\bin;C:\WINDOWS\system32;C:\WINDOWS;C:\Program Files\Common Files\Oracle\Java\javapath;D:\JAVA\jdk-17.0.1\bin;D:\Program Files (x86)\VMware\VMware Workstation\bin\;C:\Program Files (x86)\NVIDIA Corporation\PhysX\Common;C:\WINDOWS\system32;C:\WINDOWS;C:\WINDOWS\System32\Wbem;C:\WINDOWS\System32\WindowsPowerShell\v1.0\;C:\WINDOWS\System32\OpenSSH\;C:\Program Files\Microsoft SQL Server\Client SDK\ODBC\170\Tools\Binn\;C:\Program Files (x86)\Microsoft SQL Server\150\Tools\Binn\;C:\Program Files\Microsoft SQL Server\150\Tools\Binn\;C:\Program Files\Microsoft SQL Server\150\DTS\Binn\;C:\Program Files (x86)\Windows Kits\8.1\Windows Performance Toolkit\;D:\Program Files\MATLAB\R2021b\runtime\win64;D:\Program Files\MATLAB\R2021b\bin;D:\JAVA\JAVA_environment\mysql-8.0.27-winx64\bin;D:\apache-maven-3.8.6-bin\apache-maven-3.8.6\bin;D:\Program Files\Git\cmd;D:\AOMEI\AOMEI Backupper\6.9.1;C:\Program Files\PowerShell\7\;D:\Python\Python310\Scripts\;D:\Python\Python310\;C:\Users\Administrator\AppData\Local\Microsoft\WindowsApps;D:\Microsoft VS Code\bin;E:\QQGameTempest\Hall.57795\;D:\WebStorm 2022.2.1\bin;;D:\Program Files\JetBrains\JetBrains Rider 2022.2.3\bin;;."/>
    <property name="maven.conf" value="D:\apache-maven-3.8.6-bin\apache-maven-3.8.6/conf"/>
    <property name="jdk.debug" value="release"/>
    <property name="java.class.version" value="61.0"/>
    <property name="java.specification.name" value="Java Platform API Specification"/>
    <property name="sun.management.compiler" value="HotSpot 64-Bit Tiered Compilers"/>
    <property name="os.version" value="10.0"/>
    <property name="library.jansi.path" value="D:\apache-maven-3.8.6-bin\apache-maven-3.8.6\lib\jansi-native"/>
    <property name="user.home" value="C:\Users\Administrator"/>
    <property name="user.timezone" value="Asia/Shanghai"/>
    <property name="file.encoding" value="GBK"/>
    <property name="java.specification.version" value="17"/>
    <property name="user.name" value="Administrator"/>
    <property name="java.class.path" value="D:\apache-maven-3.8.6-bin\apache-maven-3.8.6\boot\plexus-classworlds-2.6.0.jar"/>
    <property name="java.vm.specification.version" value="17"/>
    <property name="sun.arch.data.model" value="64"/>
    <property name="sun.java.command" value="org.codehaus.plexus.classworlds.launcher.Launcher install"/>
    <property name="java.home" value="D:\JAVA\jdk-17.0.1"/>
    <property name="user.language" value="zh"/>
    <property name="java.specification.vendor" value="Oracle Corporation"/>
    <property name="java.vm.info" value="mixed mode, sharing"/>
    <property name="java.version" value="17.0.1"/>
    <property name="native.encoding" value="GBK"/>
    <property name="java.vendor" value="Oracle Corporation"/>
    <property name="maven.home" value="D:\apache-maven-3.8.6-bin\apache-maven-3.8.6"/>
    <property name="file.separator" value="\"/>
    <property name="java.version.date" value="2021-10-19"/>
    <property name="java.vendor.url.bug" value="https://bugreport.java.com/bugreport/"/>
    <property name="sun.io.unicode.encoding" value="UnicodeLittle"/>
    <property name="sun.cpu.endian" value="little"/>
    <property name="sun.cpu.isalist" value="amd64"/>
  </properties>
  <testcase classname="StressTest" name="TestTTCCLayout[0]" time="0.273"/>
  <testcase classname="StressTest" name="TestSimpleLayout[0]" time="0.005"/>
  <testcase classname="StressTest" name="TestPatternLayout[0]" time="0.01"/>
  <testcase classname="StressTest" name="TestLinkedList[0]" time="0.029"/>
  <testcase classname="StressTest" name="TestHTMLLayout[0]" time="0.033"/>
  <testcase classname="StressTest" name="TestArrayList[0]" time="0"/>
  <testcase classname="StressTest" name="TestFileAppender[0]" time="0"/>
  <testcase classname="StressTest" name="TestVelocityLayout[0]" time="0.016"/>
  <testcase classname="StressTest" name="TestConsoleAppender[0]" time="0.016"/>
  <testcase classname="StressTest" name="TestXMLLayout[0]" time="0.016"/>
  <testcase classname="StressTest" name="TestTTCCLayout[1]" time="0.035"/>
  <testcase classname="StressTest" name="TestSimpleLayout[1]" time="0.045"/>
  <testcase classname="StressTest" name="TestPatternLayout[1]" time="0.002"/>
  <testcase classname="StressTest" name="TestLinkedList[1]" time="0.032"/>
  <testcase classname="StressTest" name="TestHTMLLayout[1]" time="0.019"/>
  <testcase classname="StressTest" name="TestArrayList[1]" time="0.029"/>
  <testcase classname="StressTest" name="TestFileAppender[1]" time="0"/>
  <testcase classname="StressTest" name="TestVelocityLayout[1]" time="0.016"/>
  <testcase classname="StressTest" name="TestConsoleAppender[1]" time="0.077"/>
  <testcase classname="StressTest" name="TestXMLLayout[1]" time="0.019"/>
  <testcase classname="StressTest" name="TestTTCCLayout[2]" time="31.108"/>
  <testcase classname="StressTest" name="TestSimpleLayout[2]" time="30.836"/>
  <testcase classname="StressTest" name="TestPatternLayout[2]" time="30.972"/>
  <testcase classname="StressTest" name="TestLinkedList[2]" time="0.351"/>
  <testcase classname="StressTest" name="TestHTMLLayout[2]" time="0.975"/>
  <testcase classname="StressTest" name="TestArrayList[2]" time="0.865"/>
  <testcase classname="StressTest" name="TestFileAppender[2]" time="34.994"/>
  <testcase classname="StressTest" name="TestVelocityLayout[2]" time="26.591"/>
  <testcase classname="StressTest" name="TestConsoleAppender[2]" time="39.741"/>
  <testcase classname="StressTest" name="TestXMLLayout[2]" time="24.256"/>
</testsuite>